<?xml version="1.0" encoding="UTF-8" ?>
<testsuite errors="0" failures="0" hostname="vini-dell-7567" name="xgis.RectangleTest" skipped="0" tests="7" time="0.239" timestamp="2021-12-14T16:03:43">
  <properties>
[...]
</properties>
  <testcase classname="xgis.RectangleTest" name="testLeftRightTopBottom" time="0.011" />
  <testcase classname="xgis.RectangleTest" name="testToString" time="0.018" />
  <testcase classname="xgis.RectangleTest" name="testValidate" time="0.032" />
  <testcase classname="xgis.RectangleTest" name="testTopRight" time="0.002" />
  <testcase classname="xgis.RectangleTest" name="testValidateRectangle" time="0.002" />
  <testcase classname="xgis.RectangleTest" name="testAllCorners" time="0.004" />
  <testcase classname="xgis.RectangleTest" name="testBottomLeft" time="0.001" />
  <system-out><![CDATA[]]></system-out>
  <system-err><![CDATA[]]></system-err>
</testsuite>
